<?xml version="1.0" encoding="UTF-8"?>
<robot generator="Robot 7.4.2 (Python 3.14.0 on darwin)" generated="2026-04-01T21:49:31.153792" rpa="false" schemaversion="5">
<suite id="s1" name="Web-Form" source="/Users/saara/Codes/Web-sovelluskehitys, hyte 2026/Web-sovelluskehitys, Frontend, Hyte 2026/vite-project/tests/robot/web-form.robot">
<test id="s1-t1" name="Example Test Case" line="14">
<kw name="Log" owner="BuiltIn">
<msg time="2026-04-01T21:49:34.218497" level="INFO">API Key: mysecretapikey</msg>
<arg>API Key: ${API_KEY}</arg>
<doc>Logs the given message with the given level.</doc>
<status status="PASS" start="2026-04-01T21:49:34.218194" elapsed="0.000453"/>
</kw>
<kw name="Log" owner="BuiltIn">
<msg time="2026-04-01T21:49:34.218892" level="INFO">Base URL: http://localhost:3000</msg>
<arg>Base URL: ${BASE_URL}</arg>
<doc>Logs the given message with the given level.</doc>
<status status="PASS" start="2026-04-01T21:49:34.218753" elapsed="0.000168"/>
</kw>
<msg time="2026-04-01T21:49:34.298384" level="INFO">Starting Browser process /Users/saara/Codes/Web-sovelluskehitys, hyte 2026/Web-sovelluskehitys, Frontend, Hyte 2026/vite-project/.venv/lib/python3.14/site-packages/Browser/wrapper/index.js using at 127.0.0.1:59868</msg>
<doc>Esimerkkitapaus, jossa käytetään ympäristömuuttujia</doc>
<status status="PASS" start="2026-04-01T21:49:34.216729" elapsed="0.002265"/>
</test>
<test id="s1-t2" name="Test Web Form" line="19">
<kw name="New Browser" owner="Browser">
<msg time="2026-04-01T21:49:35.873945" level="INFO">{"browser": "chromium", "headless": false, "chromiumSandbox": false, "devtools": false, "handleSIGHUP": true, "handleSIGINT": true, "handleSIGTERM": true, "slowMo": 0.0, "timeout": 30000.0, "tracesDir": "/Users/saara/Codes/Web-sovelluskehitys, hyte 2026/Web-sovelluskehitys, Frontend, Hyte 2026/vite-project/browser/traces/temp/4730825b-a02e-42fd-a072-249c6a945532"}</msg>
<msg time="2026-04-01T21:49:37.498056" level="INFO">Successfully created browser with options: {"browser":"chromium","headless":false,"chromiumSandbox":false,"devtools":false,"handleSIGHUP":true,"handleSIGINT":true,"handleSIGTERM":true,"slowMo":0,"timeout":30000,"tracesDir":"/Users/saara/Codes/Web-sovelluskehitys, hyte 2026/Web-sovelluskehitys, Frontend, Hyte 2026/vite-project/browser/traces/temp/4730825b-a02e-42fd-a072-249c6a945532"}</msg>
<arg>chromium</arg>
<arg>headless=No</arg>
<tag>BrowserControl</tag>
<tag>Setter</tag>
<doc>Create a new playwright Browser with specified options.</doc>
<status status="PASS" start="2026-04-01T21:49:35.872226" elapsed="1.626012"/>
</kw>
<kw name="New Context" owner="Browser">
<msg time="2026-04-01T21:49:37.499805" level="INFO">{
  "acceptDownloads": true,
  "bypassCSP": false,
  "forcedColors": "none",
  "ignoreHTTPSErrors": false,
  "javaScriptEnabled": true,
  "offline": false,
  "reducedMotion": "no-preference",
  "serviceWorkers": "allow",
  "viewport": {
    "width": 800,
    "height": 600
  }
}</msg>
<msg time="2026-04-01T21:49:37.520388" level="INFO">Successfully created context. </msg>
<msg time="2026-04-01T21:49:37.520473" level="INFO">{'acceptDownloads': True, 'bypassCSP': False, 'forcedColors': 'none', 'ignoreHTTPSErrors': False, 'javaScriptEnabled': True, 'offline': False, 'reducedMotion': 'no-preference', 'serviceWorkers': 'allow', 'viewport': {'width': 800, 'height': 600}}</msg>
<arg>viewport={'width': 800, 'height': 600}</arg>
<tag>BrowserControl</tag>
<tag>Setter</tag>
<doc>Create a new BrowserContext with specified options.</doc>
<status status="PASS" start="2026-04-01T21:49:37.498477" elapsed="0.022058"/>
</kw>
<kw name="New Page" owner="Browser">
<msg time="2026-04-01T21:49:38.329679" level="INFO">Successfully initialized new page object and opened url: https://www.selenium.dev/selenium/web/web-form.html</msg>
<arg>https://www.selenium.dev/selenium/web/web-form.html</arg>
<tag>BrowserControl</tag>
<tag>Setter</tag>
<doc>Open a new Page.</doc>
<status status="PASS" start="2026-04-01T21:49:37.520721" elapsed="0.812217"/>
</kw>
<kw name="Get Title" owner="Browser">
<msg time="2026-04-01T21:49:38.366097" level="INFO">Title: 'Web form'</msg>
<arg>==</arg>
<arg>Web form</arg>
<tag>Assertion</tag>
<tag>Getter</tag>
<tag>PageContent</tag>
<doc>Returns the title of the current page.</doc>
<status status="PASS" start="2026-04-01T21:49:38.337128" elapsed="0.029212"/>
</kw>
<kw name="Type Text" owner="Browser">
<msg time="2026-04-01T21:49:38.367327" level="INFO">Types the text '***' in the given field.</msg>
<arg>[name="my-text"]</arg>
<arg>${Username}</arg>
<arg>delay=0.1 s</arg>
<tag>PageContent</tag>
<tag>Setter</tag>
<doc>Types the given ``txt`` into the text field found by ``selector``.</doc>
<status status="PASS" start="2026-04-01T21:49:38.366713" elapsed="1.508475"/>
</kw>
<kw name="Type Secret" owner="Browser">
<arg>[name="my-password"]</arg>
<arg>$Password</arg>
<arg>delay=0.1 s</arg>
<tag>PageContent</tag>
<tag>Setter</tag>
<doc>Types the given secret from ``variable_name`` into the text field
found by ``selector``.</doc>
<status status="PASS" start="2026-04-01T21:49:39.875491" elapsed="0.889103"/>
</kw>
<kw name="Type Text" owner="Browser">
<msg time="2026-04-01T21:49:40.766843" level="INFO">Types the text 'Hello, Robot Framework!
How are you today?' in the given field.</msg>
<arg>[name="my-textarea"]</arg>
<arg>${Message}</arg>
<arg>delay=0.1 s</arg>
<tag>PageContent</tag>
<tag>Setter</tag>
<doc>Types the given ``txt`` into the text field found by ``selector``.</doc>
<status status="PASS" start="2026-04-01T21:49:40.765628" elapsed="4.401366"/>
</kw>
<kw name="Select Options By" owner="Browser">
<msg time="2026-04-01T21:49:45.169377" level="INFO">Selects the option(s) 2 by attribute SelectAttribute.value from element [name="my-select"].</msg>
<arg>[name="my-select"]</arg>
<arg>value</arg>
<arg>2</arg>
<tag>PageContent</tag>
<tag>Setter</tag>
<doc>Selects options from select element found by ``selector``.</doc>
<status status="PASS" start="2026-04-01T21:49:45.167712" elapsed="0.048104"/>
</kw>
<kw name="Type Text" owner="Browser">
<msg time="2026-04-01T21:49:45.216683" level="INFO">Types the text 'New York' in the given field.</msg>
<arg>[name="my-datalist"]</arg>
<arg>New York</arg>
<tag>PageContent</tag>
<tag>Setter</tag>
<doc>Types the given ``txt`` into the text field found by ``selector``.</doc>
<status status="PASS" start="2026-04-01T21:49:45.216111" elapsed="0.019075"/>
</kw>
<kw name="Upload File By Selector" owner="Browser">
<arg>[name="my-file"]</arg>
<arg>/Users/saara/Codes/Web-sovelluskehitys, hyte 2026/Web-sovelluskehitys, Frontend, Hyte 2026/vite-project/tests/robot/test.txt</arg>
<tag>PageContent</tag>
<tag>Setter</tag>
<doc>Uploads file from ``path`` to file input element matched by selector.</doc>
<status status="PASS" start="2026-04-01T21:49:45.235600" elapsed="0.017506"/>
</kw>
<kw name="Check Checkbox" owner="Browser">
<arg>[id="my-check-2"]</arg>
<tag>PageContent</tag>
<tag>Setter</tag>
<doc>Checks the checkbox or selects radio button found by ``selector``.</doc>
<status status="PASS" start="2026-04-01T21:49:45.253345" elapsed="0.035292"/>
</kw>
<kw name="Click" owner="Browser">
<msg time="2026-04-01T21:49:45.289189" level="INFO">Clicks the element '[id="my-radio-2"]'.</msg>
<arg>[id="my-radio-2"]</arg>
<tag>PageContent</tag>
<tag>Setter</tag>
<doc>Simulates mouse click on the element found by ``selector``.</doc>
<status status="PASS" start="2026-04-01T21:49:45.288828" elapsed="0.026136"/>
</kw>
<kw name="Click With Options" owner="Browser">
<msg time="2026-04-01T21:49:45.315570" level="INFO">Clicks the element 'button'.</msg>
<arg>button</arg>
<arg>delay=2 s</arg>
<tag>PageContent</tag>
<tag>Setter</tag>
<doc>Simulates mouse click on the element found by ``selector``.</doc>
<status status="PASS" start="2026-04-01T21:49:45.315163" elapsed="2.318730"/>
</kw>
<kw name="Get Text" owner="Browser">
<msg time="2026-04-01T21:49:47.661396" level="INFO">Text: 'Received!'</msg>
<arg>id=message</arg>
<arg>==</arg>
<arg>Received!</arg>
<tag>Assertion</tag>
<tag>Getter</tag>
<tag>PageContent</tag>
<doc>Returns text attribute of the element found by ``selector``.</doc>
<status status="PASS" start="2026-04-01T21:49:47.634154" elapsed="0.027356"/>
</kw>
<kw name="Sleep" owner="BuiltIn">
<msg time="2026-04-01T21:49:49.663146" level="INFO">Slept 2 seconds.</msg>
<arg>2.0 s</arg>
<doc>Pauses the test executed for the given time.</doc>
<status status="PASS" start="2026-04-01T21:49:47.661804" elapsed="2.001807"/>
</kw>
<msg time="2026-04-01T21:49:49.682334" level="INFO">Switching context to context=efc47784-24f5-4087-824f-0707436523ad in CURRENT</msg>
<msg time="2026-04-01T21:49:49.696714" level="INFO">Successfully changed active context: context=efc47784-24f5-4087-824f-0707436523ad</msg>
<msg time="2026-04-01T21:49:49.751447" level="INFO">Successfully closed Context</msg>
<status status="PASS" start="2026-04-01T21:49:35.867380" elapsed="13.797084"/>
</test>
<doc>Esimerkki ympäristömuuttujien käytöstä</doc>
<status status="PASS" start="2026-04-01T21:49:31.154651" elapsed="18.597576"/>
</suite>
<statistics>
<total>
<stat pass="2" fail="0" skip="0">All Tests</stat>
</total>
<tag>
</tag>
<suite>
<stat name="Web-Form" id="s1" pass="2" fail="0" skip="0">Web-Form</stat>
</suite>
</statistics>
<errors>
</errors>
</robot>
