<?xml version="1.0" encoding="UTF-8"?>
<robot generator="Robot 7.4.2 (Python 3.14.0 on darwin)" generated="2026-04-16T14:51:59.769936" rpa="false" schemaversion="5">
<suite id="s1" name="Browser Demo" source="/Users/saara/Codes/Web-sovelluskehitys, hyte 2026/Web-sovelluskehitys, Frontend, Hyte 2026/vite-project/tests/robot/browser_demo.robot">
<test id="s1-t1" name="Login To Own Site Successfully" line="9">
<kw name="New Browser" owner="Browser">
<msg time="2026-04-16T14:51:59.961003" level="INFO">{"browser": "chromium", "headless": false, "chromiumSandbox": false, "devtools": false, "handleSIGHUP": true, "handleSIGINT": true, "handleSIGTERM": true, "slowMo": 0.0, "timeout": 30000.0, "tracesDir": "/Users/saara/Codes/Web-sovelluskehitys, hyte 2026/Web-sovelluskehitys, Frontend, Hyte 2026/vite-project/tests/outputs/browser/traces/temp/6a26efa6-4367-4ad3-9721-0b8645303215"}</msg>
<msg time="2026-04-16T14:51:59.981500" level="INFO">Starting Browser process /Users/saara/Codes/Web-sovelluskehitys, hyte 2026/Web-sovelluskehitys, Frontend, Hyte 2026/vite-project/.venv/lib/python3.14/site-packages/Browser/wrapper/index.js using at 127.0.0.1:52055</msg>
<msg time="2026-04-16T14:52:02.474466" level="INFO">Successfully created browser with options: {"browser":"chromium","headless":false,"chromiumSandbox":false,"devtools":false,"handleSIGHUP":true,"handleSIGINT":true,"handleSIGTERM":true,"slowMo":0,"timeout":30000,"tracesDir":"/Users/saara/Codes/Web-sovelluskehitys, hyte 2026/Web-sovelluskehitys, Frontend, Hyte 2026/vite-project/tests/outputs/browser/traces/temp/6a26efa6-4367-4ad3-9721-0b8645303215"}</msg>
<arg>chromium</arg>
<arg>headless=No</arg>
<tag>BrowserControl</tag>
<tag>Setter</tag>
<doc>Create a new playwright Browser with specified options.</doc>
<status status="PASS" start="2026-04-16T14:51:59.960501" elapsed="2.514378"/>
</kw>
<kw name="New Page" owner="Browser">
<msg time="2026-04-16T14:52:03.013908" level="INFO">Successfully initialized new page object and opened url: http://localhost:5173</msg>
<msg time="2026-04-16T14:52:03.014087" level="INFO">No context was open. New context was automatically opened when this page is created.</msg>
<arg>${URL}</arg>
<tag>BrowserControl</tag>
<tag>Setter</tag>
<doc>Open a new Page.</doc>
<status status="PASS" start="2026-04-16T14:52:02.475541" elapsed="0.538853"/>
</kw>
<kw name="Click" owner="Browser">
<msg time="2026-04-16T14:52:03.015192" level="INFO">Clicks the element 'css=button.site-auth-trigger'.</msg>
<arg>css=button.site-auth-trigger</arg>
<tag>PageContent</tag>
<tag>Setter</tag>
<doc>Simulates mouse click on the element found by ``selector``.</doc>
<status status="PASS" start="2026-04-16T14:52:03.014619" elapsed="0.102678"/>
</kw>
<kw name="Wait For Elements State" owner="Browser">
<msg time="2026-04-16T14:52:03.126649" level="INFO">Waited for Element with selector text=Tunnistautuminen at state visible</msg>
<arg>text=Tunnistautuminen</arg>
<arg>visible</arg>
<tag>PageContent</tag>
<tag>Wait</tag>
<doc>Waits for the element found by ``selector`` to satisfy state option.</doc>
<status status="PASS" start="2026-04-16T14:52:03.117673" elapsed="0.009402"/>
</kw>
<kw name="Wait For Elements State" owner="Browser">
<msg time="2026-04-16T14:52:03.131753" level="INFO">Waited for Element with selector css=input &gt;&gt; nth=0 at state visible</msg>
<arg>css=input &gt;&gt; nth=0</arg>
<arg>visible</arg>
<tag>PageContent</tag>
<tag>Wait</tag>
<doc>Waits for the element found by ``selector`` to satisfy state option.</doc>
<status status="PASS" start="2026-04-16T14:52:03.127428" elapsed="0.004428"/>
</kw>
<kw name="Type Text" owner="Browser">
<msg time="2026-04-16T14:52:03.132510" level="INFO">Types the text 'testi' in the given field.</msg>
<arg>css=input &gt;&gt; nth=0</arg>
<arg>${Username}</arg>
<tag>PageContent</tag>
<tag>Setter</tag>
<doc>Types the given ``txt`` into the text field found by ``selector``.</doc>
<status status="PASS" start="2026-04-16T14:52:03.132022" elapsed="0.028758"/>
</kw>
<kw name="Type Secret" owner="Browser">
<arg>css=input &gt;&gt; nth=1</arg>
<arg>$Password</arg>
<tag>PageContent</tag>
<tag>Setter</tag>
<doc>Types the given secret from ``variable_name`` into the text field
found by ``selector``.</doc>
<status status="PASS" start="2026-04-16T14:52:03.161850" elapsed="0.023706"/>
</kw>
<kw name="Click" owner="Browser">
<msg time="2026-04-16T14:52:03.186217" level="INFO">Clicks the element 'css=button[type="submit"] &gt;&gt; nth=0'.</msg>
<arg>css=button[type="submit"] &gt;&gt; nth=0</arg>
<tag>PageContent</tag>
<tag>Setter</tag>
<doc>Simulates mouse click on the element found by ``selector``.</doc>
<status status="PASS" start="2026-04-16T14:52:03.185872" elapsed="0.036688"/>
</kw>
<status status="PASS" start="2026-04-16T14:51:59.959883" elapsed="3.262887"/>
</test>
<status status="PASS" start="2026-04-16T14:51:59.770562" elapsed="3.453880"/>
</suite>
<statistics>
<total>
<stat pass="1" fail="0" skip="0">All Tests</stat>
</total>
<tag>
</tag>
<suite>
<stat name="Browser Demo" id="s1" pass="1" fail="0" skip="0">Browser Demo</stat>
</suite>
</statistics>
<errors>
</errors>
</robot>
